Added Component: Designator=U2(MAX2870ETJ+)
Added Pin To Net: NetName=NetR10_2 Pin=U2-1
Added Pin To Net: NetName=NetR11_2 Pin=U2-2
Added Pin To Net: NetName=NetR12_2 Pin=U2-3
Added Pin To Net: NetName=NetR13_2 Pin=U2-4
Added Pin To Net: NetName=SW Pin=U2-5
Added Pin To Net: NetName=VCC_PLL Pin=U2-6
Added Pin To Net: NetName=CP_OUT Pin=U2-7
Added Pin To Net: NetName=GND Pin=U2-8
Added Pin To Net: NetName=GND Pin=U2-9
Added Pin To Net: NetName=VCC_PLL Pin=U2-10
Added Pin To Net: NetName=GND Pin=U2-11
Added Pin To Net: NetName=RFOUTA_P Pin=U2-12
Added Pin To Net: NetName=RFOUTA_N Pin=U2-13
Added Pin To Net: NetName=VCC_RF Pin=U2-16
Added Pin To Net: NetName=VCC_RF Pin=U2-17
Added Pin To Net: NetName=GND Pin=U2-18
Added Pin To Net: NetName=NetC16_2 Pin=U2-19
Added Pin To Net: NetName=TUNE Pin=U2-20
Added Pin To Net: NetName=GND Pin=U2-21
Added Pin To Net: NetName=NetR14_2 Pin=U2-22
Added Pin To Net: NetName=NetC15_2 Pin=U2-23
Added Pin To Net: NetName=NetC17_2 Pin=U2-24
Added Pin To Net: NetName=NetJ2_10 Pin=U2-26
Added Pin To Net: NetName=GND Pin=U2-27
Added Pin To Net: NetName=NetC9_2 Pin=U2-28
Added Pin To Net: NetName=REF_IN Pin=U2-29
Added Pin To Net: NetName=NetC9_2 Pin=U2-32
Added Pin To Net: NetName=GND Pin=U2-33
Added Member To Class: ClassName=GenRF_R00 Member=Component U2 MAX2871ETJ+
