Added Pin To Net: NetName=3V3 Pin=B1-2
Added Pin To Net: NetName=3V3 Pin=C5-1
Added Pin To Net: NetName=3V3 Pin=C9-2
Added Pin To Net: NetName=3V3 Pin=C10-2
Added Pin To Net: NetName=3V3 Pin=C14-2
Added Pin To Net: NetName=3V3 Pin=U1-1
Added Pin To Net: NetName=3V3 Pin=U1-4
Added Pin To Net: NetName=3V3 Pin=U2-28
Added Pin To Net: NetName=3V3 Pin=U2-32
Added Pin To Net: NetName=3V3 Pin=U3-1
Added Pin To Net: NetName=3V3 Pin=U3-3
Added Net: Name=3V3
Added Pin To Net: NetName=CP_OUT Pin=C2-1
Added Pin To Net: NetName=CP_OUT Pin=C3-2
Added Pin To Net: NetName=CP_OUT Pin=R3-2
Added Pin To Net: NetName=CP_OUT Pin=U2-7
Added Net: Name=CP_OUT
Added Pin To Net: NetName=GND Pin=B1-4
Added Pin To Net: NetName=GND Pin=C3-1
Added Pin To Net: NetName=GND Pin=C4-1
Added Pin To Net: NetName=GND Pin=C5-2
Added Pin To Net: NetName=GND Pin=C6-2
Added Pin To Net: NetName=GND Pin=C8-2
Added Pin To Net: NetName=GND Pin=C9-1
Added Pin To Net: NetName=GND Pin=C10-1
Added Pin To Net: NetName=GND Pin=C11-1
Added Pin To Net: NetName=GND Pin=C12-1
Added Pin To Net: NetName=GND Pin=C13-1
Added Pin To Net: NetName=GND Pin=C14-1
Added Pin To Net: NetName=GND Pin=C15-1
Added Pin To Net: NetName=GND Pin=C16-1
Added Pin To Net: NetName=GND Pin=C17-1
Added Pin To Net: NetName=GND Pin=C18-1
Added Pin To Net: NetName=GND Pin=C19-1
Added Pin To Net: NetName=GND Pin=C20-1
Added Pin To Net: NetName=GND Pin=C21-1
Added Pin To Net: NetName=GND Pin=C22-1
Added Pin To Net: NetName=GND Pin=C25-2
Added Pin To Net: NetName=GND Pin=C27-2
Added Pin To Net: NetName=GND Pin=R6-2
Added Pin To Net: NetName=GND Pin=R7-2
Added Pin To Net: NetName=GND Pin=R9-2
Added Pin To Net: NetName=GND Pin=R14-1
Added Pin To Net: NetName=GND Pin=RF1-2
Added Pin To Net: NetName=GND Pin=RF1-2
Added Pin To Net: NetName=GND Pin=RF1-2
Added Pin To Net: NetName=GND Pin=RF1-2
Added Pin To Net: NetName=GND Pin=RF2-2
Added Pin To Net: NetName=GND Pin=RF2-2
Added Pin To Net: NetName=GND Pin=RF2-2
Added Pin To Net: NetName=GND Pin=RF2-2
Added Pin To Net: NetName=GND Pin=U1-2
Added Pin To Net: NetName=GND Pin=U2-8
Added Pin To Net: NetName=GND Pin=U2-9
Added Pin To Net: NetName=GND Pin=U2-11
Added Pin To Net: NetName=GND Pin=U2-18
Added Pin To Net: NetName=GND Pin=U2-21
Added Pin To Net: NetName=GND Pin=U2-27
Added Pin To Net: NetName=GND Pin=U2-33
Added Pin To Net: NetName=GND Pin=U3-2
Added Net: Name=GND
Added Pin To Net: NetName=LD Pin=B1-8
Added Pin To Net: NetName=LD Pin=U2-25
Added Net: Name=LD
Added Pin To Net: NetName=MUX Pin=B1-7
Added Pin To Net: NetName=MUX Pin=U2-30
Added Net: Name=MUX
Added Pin To Net: NetName=NetB1_1 Pin=B1-1
Added Pin To Net: NetName=NetB1_1 Pin=R10-1
Added Net: Name=NetB1_1
Added Pin To Net: NetName=NetB1_3 Pin=B1-3
Added Pin To Net: NetName=NetB1_3 Pin=R11-1
Added Net: Name=NetB1_3
Added Pin To Net: NetName=NetB1_5 Pin=B1-5
Added Pin To Net: NetName=NetB1_5 Pin=R12-1
Added Net: Name=NetB1_5
Added Pin To Net: NetName=NetB1_9 Pin=B1-9
Added Pin To Net: NetName=NetB1_9 Pin=U2-4
Added Net: Name=NetB1_9
Added Pin To Net: NetName=NetC1_2 Pin=C1-2
Added Pin To Net: NetName=NetC1_2 Pin=RF2-1
Added Net: Name=NetC1_2
Added Pin To Net: NetName=NetC2_2 Pin=C2-2
Added Pin To Net: NetName=NetC2_2 Pin=R2-2
Added Net: Name=NetC2_2
Added Pin To Net: NetName=NetC7_2 Pin=C7-2
Added Pin To Net: NetName=NetC7_2 Pin=R9-1
Added Net: Name=NetC7_2
Added Pin To Net: NetName=NetC15_2 Pin=C15-2
Added Pin To Net: NetName=NetC15_2 Pin=U2-23
Added Net: Name=NetC15_2
Added Pin To Net: NetName=NetC16_2 Pin=C16-2
Added Pin To Net: NetName=NetC16_2 Pin=U2-19
Added Net: Name=NetC16_2
Added Pin To Net: NetName=NetC17_2 Pin=C17-2
Added Pin To Net: NetName=NetC17_2 Pin=U2-24
Added Net: Name=NetC17_2
Added Pin To Net: NetName=NetC18_2 Pin=C18-2
Added Pin To Net: NetName=NetC18_2 Pin=FB1-1
Added Pin To Net: NetName=NetC18_2 Pin=FB2-1
Added Pin To Net: NetName=NetC18_2 Pin=U3-5
Added Net: Name=NetC18_2
Added Pin To Net: NetName=NetC23_1 Pin=C23-1
Added Pin To Net: NetName=NetC23_1 Pin=U2-29
Added Net: Name=NetC23_1
Added Pin To Net: NetName=NetC24_2 Pin=C24-2
Added Pin To Net: NetName=NetC24_2 Pin=RF1-1
Added Net: Name=NetC24_2
Added Pin To Net: NetName=NetC26_2 Pin=C26-2
Added Pin To Net: NetName=NetC26_2 Pin=R6-1
Added Net: Name=NetC26_2
Added Pin To Net: NetName=NetR10_2 Pin=R10-2
Added Pin To Net: NetName=NetR10_2 Pin=U2-1
Added Net: Name=NetR10_2
Added Pin To Net: NetName=NetR11_2 Pin=R11-2
Added Pin To Net: NetName=NetR11_2 Pin=U2-2
Added Net: Name=NetR11_2
Added Pin To Net: NetName=NetR12_2 Pin=R12-2
Added Pin To Net: NetName=NetR12_2 Pin=U2-3
Added Net: Name=NetR12_2
Added Pin To Net: NetName=NetR14_2 Pin=R14-2
Added Pin To Net: NetName=NetR14_2 Pin=U2-22
Added Net: Name=NetR14_2
Added Pin To Net: NetName=REF_EN Pin=B1-6
Added Pin To Net: NetName=REF_EN Pin=U2-26
Added Net: Name=REF_EN
Added Pin To Net: NetName=REF_IN Pin=C23-2
Added Pin To Net: NetName=REF_IN Pin=U1-3
Added Net: Name=REF_IN
Added Pin To Net: NetName=RFOUTA_N Pin=C7-1
Added Pin To Net: NetName=RFOUTA_N Pin=R8-2
Added Pin To Net: NetName=RFOUTA_N Pin=U2-13
Added Net: Name=RFOUTA_N
Added Pin To Net: NetName=RFOUTA_P Pin=C1-1
Added Pin To Net: NetName=RFOUTA_P Pin=R4-2
Added Pin To Net: NetName=RFOUTA_P Pin=U2-12
Added Net: Name=RFOUTA_P
Added Pin To Net: NetName=RFOUTB_N Pin=C24-1
Added Pin To Net: NetName=RFOUTB_N Pin=R1-2
Added Pin To Net: NetName=RFOUTB_N Pin=U2-15
Added Net: Name=RFOUTB_N
Added Pin To Net: NetName=RFOUTB_P Pin=C26-1
Added Pin To Net: NetName=RFOUTB_P Pin=R5-1
Added Pin To Net: NetName=RFOUTB_P Pin=U2-14
Added Net: Name=RFOUTB_P
Added Pin To Net: NetName=SW Pin=R2-1
Added Pin To Net: NetName=SW Pin=R7-1
Added Pin To Net: NetName=SW Pin=U2-5
Added Net: Name=SW
Added Pin To Net: NetName=TUNE Pin=C4-2
Added Pin To Net: NetName=TUNE Pin=C22-2
Added Pin To Net: NetName=TUNE Pin=R3-1
Added Pin To Net: NetName=TUNE Pin=U2-20
Added Net: Name=TUNE
Added Pin To Net: NetName=VCC_PLL Pin=C11-2
Added Pin To Net: NetName=VCC_PLL Pin=C12-2
Added Pin To Net: NetName=VCC_PLL Pin=C13-2
Added Pin To Net: NetName=VCC_PLL Pin=FB1-2
Added Pin To Net: NetName=VCC_PLL Pin=U2-6
Added Pin To Net: NetName=VCC_PLL Pin=U2-10
Added Net: Name=VCC_PLL
Added Pin To Net: NetName=VCC_RF Pin=C6-1
Added Pin To Net: NetName=VCC_RF Pin=C8-1
Added Pin To Net: NetName=VCC_RF Pin=C19-2
Added Pin To Net: NetName=VCC_RF Pin=C20-2
Added Pin To Net: NetName=VCC_RF Pin=C21-2
Added Pin To Net: NetName=VCC_RF Pin=C25-1
Added Pin To Net: NetName=VCC_RF Pin=C27-1
Added Pin To Net: NetName=VCC_RF Pin=FB2-2
Added Pin To Net: NetName=VCC_RF Pin=R1-1
Added Pin To Net: NetName=VCC_RF Pin=R4-1
Added Pin To Net: NetName=VCC_RF Pin=R5-2
Added Pin To Net: NetName=VCC_RF Pin=R8-1
Added Pin To Net: NetName=VCC_RF Pin=U2-16
Added Pin To Net: NetName=VCC_RF Pin=U2-17
Added Net: Name=VCC_RF
Added Class: Name=GenRF_R00
