Removed Pin From Net: NetName=HP_S3 Pin=C18-2
Removed Pin From Net: NetName=HP_S4 Pin=C19-2
Removed Pin From Net: NetName=GND Pin=C20-1
Removed Pin From Net: NetName=GND Pin=C21-1
Removed Pin From Net: NetName=LP_S1 Pin=C21-2
Removed Pin From Net: NetName=GND Pin=C22-2
Removed Pin From Net: NetName=LP_S2 Pin=C23-1
Removed Pin From Net: NetName=GND Pin=C23-2
Removed Pin From Net: NetName=GND Pin=C24-1
Removed Pin From Net: NetName=GND Pin=C25-1
Removed Pin From Net: NetName=LP_S3 Pin=C25-2
Removed Pin From Net: NetName=GND Pin=C26-2
Removed Pin From Net: NetName=LP_S4 Pin=C27-1
Removed Pin From Net: NetName=GND Pin=C27-2
Removed Pin From Net: NetName=HP_S1 Pin=C28-2
Removed Pin From Net: NetName=HP_S2 Pin=C29-2
Removed Pin From Net: NetName=SIGNAL_1 Pin=CN3-1
Removed Pin From Net: NetName=SIGNAL_2 Pin=CN3-2
Removed Pin From Net: NetName=SIGNAL_3 Pin=CN3-3
Removed Pin From Net: NetName=SIGNAL_4 Pin=CN3-4
Removed Pin From Net: NetName=GND Pin=CN3-5
Removed Pin From Net: NetName=GND Pin=CN3-6
Removed Pin From Net: NetName=GND Pin=J4-2
Removed Pin From Net: NetName=GND Pin=J4-2
Removed Pin From Net: NetName=GND Pin=J4-2
Removed Pin From Net: NetName=GND Pin=J4-2
Removed Pin From Net: NetName=GND Pin=J5-2
Removed Pin From Net: NetName=GND Pin=J5-2
Removed Pin From Net: NetName=GND Pin=J5-2
Removed Pin From Net: NetName=GND Pin=J5-2
Removed Pin From Net: NetName=GND Pin=J6-2
Removed Pin From Net: NetName=GND Pin=J6-2
Removed Pin From Net: NetName=GND Pin=J6-2
Removed Pin From Net: NetName=GND Pin=J6-2
Removed Pin From Net: NetName=GND Pin=J7-2
Removed Pin From Net: NetName=GND Pin=J7-2
Removed Pin From Net: NetName=GND Pin=J7-2
Removed Pin From Net: NetName=GND Pin=J7-2
Removed Pin From Net: NetName=GND Pin=L13-1
Removed Pin From Net: NetName=GND Pin=L14-1
Removed Pin From Net: NetName=HP_S1 Pin=L14-2
Removed Pin From Net: NetName=GND Pin=L15-1
Removed Pin From Net: NetName=HP_S2 Pin=L16-1
Removed Pin From Net: NetName=GND Pin=L16-2
Removed Pin From Net: NetName=GND Pin=L17-1
Removed Pin From Net: NetName=HP_S3 Pin=L17-2
Removed Pin From Net: NetName=GND Pin=L18-1
Removed Pin From Net: NetName=GND Pin=L19-1
Removed Pin From Net: NetName=HP_S4 Pin=L20-1
Removed Pin From Net: NetName=GND Pin=L20-2
Removed Pin From Net: NetName=LP_S1 Pin=L21-1
Removed Pin From Net: NetName=LP_S2 Pin=L22-1
Removed Pin From Net: NetName=LP_S3 Pin=L23-1
Removed Pin From Net: NetName=LP_S4 Pin=L24-1
Removed Pin From Net: NetName=HP_S2 Pin=U6-1
Removed Pin From Net: NetName=SIGNAL_2 Pin=U6-2
Removed Pin From Net: NetName=GND Pin=U6-3
Removed Pin From Net: NetName=SIGNAL_1 Pin=U6-4
Removed Pin From Net: NetName=HP_S1 Pin=U6-5
Removed Pin From Net: NetName=HP_S3 Pin=U6-6
Removed Pin From Net: NetName=SIGNAL_3 Pin=U6-7
Removed Pin From Net: NetName=SIGNAL_4 Pin=U6-9
Removed Pin From Net: NetName=HP_S4 Pin=U6-10
Removed Pin From Net: NetName=SIGNAL_2 Pin=U7-2
Removed Pin From Net: NetName=GND Pin=U7-3
Removed Pin From Net: NetName=SIGNAL_1 Pin=U7-4
Removed Pin From Net: NetName=SIGNAL_3 Pin=U7-7
Removed Pin From Net: NetName=SIGNAL_4 Pin=U7-9
Removed Pin From Net: NetName=LP_S2 Pin=U8-1
Removed Pin From Net: NetName=SIGNAL_2 Pin=U8-2
Removed Pin From Net: NetName=GND Pin=U8-3
Removed Pin From Net: NetName=SIGNAL_1 Pin=U8-4
Removed Pin From Net: NetName=LP_S1 Pin=U8-5
Removed Pin From Net: NetName=LP_S3 Pin=U8-6
Removed Pin From Net: NetName=SIGNAL_3 Pin=U8-7
Removed Pin From Net: NetName=SIGNAL_4 Pin=U8-9
Removed Pin From Net: NetName=LP_S4 Pin=U8-10
Removed Pin From Net: NetName=SIGNAL_2 Pin=U9-2
Removed Pin From Net: NetName=GND Pin=U9-3
Removed Pin From Net: NetName=SIGNAL_1 Pin=U9-4
Removed Pin From Net: NetName=SIGNAL_3 Pin=U9-7
Removed Pin From Net: NetName=SIGNAL_4 Pin=U9-9
