Added Component: Designator=C1(C_0603)
Added Component: Designator=C2(C_0603)
Added Component: Designator=C3(C_0603)
Added Component: Designator=C4(C_0603)
Added Component: Designator=C5(C_0603)
Added Component: Designator=C6(C_0603)
Added Component: Designator=C7(C_0603)
Added Component: Designator=C8(C_0603)
Added Component: Designator=C9(C_0603)
Added Component: Designator=C10(C_0603)
Added Component: Designator=C11(C_0603)
Added Component: Designator=C12(C_0603)
Added Component: Designator=CN1(Header_M_2x3_0.1")
Added Component: Designator=J1(SMA_Connector)
Added Component: Designator=J2(SMA_Connector)
Added Component: Designator=J3(SMA_Connector)
Added Component: Designator=J4(SMA_Connector)
Added Component: Designator=L1(L_0603)
Added Component: Designator=L2(L_0603)
Added Component: Designator=L3(L_0603)
Added Component: Designator=L4(L_0603)
Added Component: Designator=L5(L_0603)
Added Component: Designator=L6(L_0603)
Added Component: Designator=L7(L_0805)
Added Component: Designator=L8(L_0805)
Added Component: Designator=L9(L_0603)
Added Component: Designator=L10(L_0603)
Added Component: Designator=L11(L_0603)
Added Component: Designator=L12(L_0603)
Added Component: Designator=U1(SP4T Switch RF)
Added Component: Designator=U2(SP4T Switch RF)
Added Component: Designator=U3(SP4T Switch RF)
Added Component: Designator=U4(SP4T Switch RF)
Added Pin To Net: NetName=GND Pin=C5-1
Added Pin To Net: NetName=GND Pin=C6-1
Added Pin To Net: NetName=GND Pin=C7-2
Added Pin To Net: NetName=GND Pin=C8-2
Added Pin To Net: NetName=GND Pin=C9-1
Added Pin To Net: NetName=GND Pin=C10-1
Added Pin To Net: NetName=GND Pin=C11-2
Added Pin To Net: NetName=GND Pin=C12-2
Added Pin To Net: NetName=GND Pin=CN1-5
Added Pin To Net: NetName=GND Pin=CN1-6
Added Pin To Net: NetName=GND Pin=J1-2
Added Pin To Net: NetName=GND Pin=J1-2
Added Pin To Net: NetName=GND Pin=J1-2
Added Pin To Net: NetName=GND Pin=J1-2
Added Pin To Net: NetName=GND Pin=J2-2
Added Pin To Net: NetName=GND Pin=J2-2
Added Pin To Net: NetName=GND Pin=J2-2
Added Pin To Net: NetName=GND Pin=J2-2
Added Pin To Net: NetName=GND Pin=J3-2
Added Pin To Net: NetName=GND Pin=J3-2
Added Pin To Net: NetName=GND Pin=J3-2
Added Pin To Net: NetName=GND Pin=J3-2
Added Pin To Net: NetName=GND Pin=J4-2
Added Pin To Net: NetName=GND Pin=J4-2
Added Pin To Net: NetName=GND Pin=J4-2
Added Pin To Net: NetName=GND Pin=J4-2
Added Pin To Net: NetName=GND Pin=L1-1
Added Pin To Net: NetName=GND Pin=L2-1
Added Pin To Net: NetName=GND Pin=L3-1
Added Pin To Net: NetName=GND Pin=L4-2
Added Pin To Net: NetName=GND Pin=L5-1
Added Pin To Net: NetName=GND Pin=L6-1
Added Pin To Net: NetName=GND Pin=L7-1
Added Pin To Net: NetName=GND Pin=L8-2
Added Pin To Net: NetName=GND Pin=U1-3
Added Pin To Net: NetName=GND Pin=U2-3
Added Pin To Net: NetName=GND Pin=U3-3
Added Pin To Net: NetName=GND Pin=U4-3
Added Net: Name=GND
Added Pin To Net: NetName=NetC1_1 Pin=C1-1
Added Pin To Net: NetName=NetC1_1 Pin=L1-2
Added Pin To Net: NetName=NetC1_1 Pin=U1-10
Added Net: Name=NetC1_1
Added Pin To Net: NetName=NetC1_2 Pin=C1-2
Added Pin To Net: NetName=NetC1_2 Pin=L2-2
Added Pin To Net: NetName=NetC1_2 Pin=U2-10
Added Net: Name=NetC1_2
Added Pin To Net: NetName=NetC2_1 Pin=C2-1
Added Pin To Net: NetName=NetC2_1 Pin=L3-2
Added Pin To Net: NetName=NetC2_1 Pin=U1-6
Added Net: Name=NetC2_1
Added Pin To Net: NetName=NetC2_2 Pin=C2-2
Added Pin To Net: NetName=NetC2_2 Pin=L4-1
Added Pin To Net: NetName=NetC2_2 Pin=U2-6
Added Net: Name=NetC2_2
Added Pin To Net: NetName=NetC3_1 Pin=C3-1
Added Pin To Net: NetName=NetC3_1 Pin=L6-2
Added Pin To Net: NetName=NetC3_1 Pin=U1-1
Added Net: Name=NetC3_1
Added Pin To Net: NetName=NetC3_2 Pin=C3-2
Added Pin To Net: NetName=NetC3_2 Pin=L5-2
Added Pin To Net: NetName=NetC3_2 Pin=U2-1
Added Net: Name=NetC3_2
Added Pin To Net: NetName=NetC4_1 Pin=C4-1
Added Pin To Net: NetName=NetC4_1 Pin=L7-2
Added Pin To Net: NetName=NetC4_1 Pin=U1-5
Added Net: Name=NetC4_1
Added Pin To Net: NetName=NetC4_2 Pin=C4-2
Added Pin To Net: NetName=NetC4_2 Pin=L8-1
Added Pin To Net: NetName=NetC4_2 Pin=U2-5
Added Net: Name=NetC4_2
Added Pin To Net: NetName=NetC5_2 Pin=C5-2
Added Pin To Net: NetName=NetC5_2 Pin=L9-2
Added Pin To Net: NetName=NetC5_2 Pin=U3-10
Added Net: Name=NetC5_2
Added Pin To Net: NetName=NetC6_2 Pin=C6-2
Added Pin To Net: NetName=NetC6_2 Pin=L9-1
Added Pin To Net: NetName=NetC6_2 Pin=U4-10
Added Net: Name=NetC6_2
Added Pin To Net: NetName=NetC7_1 Pin=C7-1
Added Pin To Net: NetName=NetC7_1 Pin=L10-2
Added Pin To Net: NetName=NetC7_1 Pin=U3-6
Added Net: Name=NetC7_1
Added Pin To Net: NetName=NetC8_1 Pin=C8-1
Added Pin To Net: NetName=NetC8_1 Pin=L10-1
Added Pin To Net: NetName=NetC8_1 Pin=U4-6
Added Net: Name=NetC8_1
Added Pin To Net: NetName=NetC9_2 Pin=C9-2
Added Pin To Net: NetName=NetC9_2 Pin=L11-2
Added Pin To Net: NetName=NetC9_2 Pin=U3-1
Added Net: Name=NetC9_2
Added Pin To Net: NetName=NetC10_2 Pin=C10-2
Added Pin To Net: NetName=NetC10_2 Pin=L11-1
Added Pin To Net: NetName=NetC10_2 Pin=U4-1
Added Net: Name=NetC10_2
Added Pin To Net: NetName=NetC11_1 Pin=C11-1
Added Pin To Net: NetName=NetC11_1 Pin=L12-2
Added Pin To Net: NetName=NetC11_1 Pin=U3-5
Added Net: Name=NetC11_1
Added Pin To Net: NetName=NetC12_1 Pin=C12-1
Added Pin To Net: NetName=NetC12_1 Pin=L12-1
Added Pin To Net: NetName=NetC12_1 Pin=U4-5
Added Net: Name=NetC12_1
Added Pin To Net: NetName=NetJ1_1 Pin=J1-1
Added Pin To Net: NetName=NetJ1_1 Pin=U1-8
Added Net: Name=NetJ1_1
Added Pin To Net: NetName=NetJ2_1 Pin=J2-1
Added Pin To Net: NetName=NetJ2_1 Pin=U2-8
Added Net: Name=NetJ2_1
Added Pin To Net: NetName=NetJ3_1 Pin=J3-1
Added Pin To Net: NetName=NetJ3_1 Pin=U4-8
Added Net: Name=NetJ3_1
Added Pin To Net: NetName=NetJ4_1 Pin=J4-1
Added Pin To Net: NetName=NetJ4_1 Pin=U3-8
Added Net: Name=NetJ4_1
Added Pin To Net: NetName=SIGNAL_1 Pin=CN1-1
Added Net: Name=SIGNAL_1
Added Pin To Net: NetName=SIGNAL_2 Pin=CN1-2
Added Net: Name=SIGNAL_2
Added Pin To Net: NetName=SIGNAL_3 Pin=CN1-3
Added Net: Name=SIGNAL_3
Added Pin To Net: NetName=SIGNAL_4 Pin=CN1-4
Added Net: Name=SIGNAL_4
Added Class: Name=PA_PShifter_R00
