Change Component Designator: Old Designator=C16 New Designator=C?
Change Component Designator: Old Designator=C17 New Designator=C?
Change Component Designator: Old Designator=C18 New Designator=C?
Change Component Designator: Old Designator=C19 New Designator=C?
Change Component Designator: Old Designator=C20 New Designator=C?
Change Component Designator: Old Designator=C21 New Designator=C?
Change Component Designator: Old Designator=C22 New Designator=C?
Change Component Designator: Old Designator=C23 New Designator=C?
Change Component Designator: Old Designator=C24 New Designator=C?
Change Component Designator: Old Designator=C25 New Designator=C?
Change Component Designator: Old Designator=C26 New Designator=C?
Change Component Designator: Old Designator=C27 New Designator=C?
Change Component Designator: Old Designator=CN3 New Designator=CN?
Change Component Designator: Old Designator=J4 New Designator=J?
Change Component Designator: Old Designator=J5 New Designator=J?
Change Component Designator: Old Designator=J6 New Designator=J?
Change Component Designator: Old Designator=J7 New Designator=J?
Change Component Designator: Old Designator=L13 New Designator=L?
Change Component Designator: Old Designator=L14 New Designator=L?
Change Component Designator: Old Designator=L15 New Designator=L?
Change Component Designator: Old Designator=L16 New Designator=L?
Change Component Designator: Old Designator=L17 New Designator=L?
Change Component Designator: Old Designator=L18 New Designator=L?
Change Component Designator: Old Designator=L19 New Designator=L?
Change Component Designator: Old Designator=L20 New Designator=L?
Change Component Designator: Old Designator=L21 New Designator=L?
Change Component Designator: Old Designator=L22 New Designator=L?
Change Component Designator: Old Designator=L23 New Designator=L?
Change Component Designator: Old Designator=L24 New Designator=L?
Change Component Designator: Old Designator=U6 New Designator=U?
Change Component Designator: Old Designator=U7 New Designator=U?
Change Component Designator: Old Designator=U8 New Designator=U?
Change Component Designator: Old Designator=U9 New Designator=U?
