Removed Member From Class: ClassName=PA_PShifter_R01 Member=C26
Removed Member From Class: ClassName=PA_PShifter_R01 Member=C27
Removed Member From Class: ClassName=PA_PShifter_R01 Member=C28
Removed Member From Class: ClassName=PA_PShifter_R01 Member=C29
Removed Member From Class: ClassName=PA_PShifter_R01 Member=CN3
Removed Member From Class: ClassName=PA_PShifter_R00 Member=J3
Removed Member From Class: ClassName=PA_PShifter_R01 Member=J5
Removed Member From Class: ClassName=PA_PShifter_R01 Member=J6
Removed Member From Class: ClassName=PA_PShifter_R01 Member=L23
Removed Member From Class: ClassName=PA_PShifter_R01 Member=L24
Added Component: Designator=CN2(Header_M_2x2_0.1")
Added Pin To Net: NetName=+5V Pin=CN2-1
Added Pin To Net: NetName=HP_CTRL Pin=CN2-2
Added Pin To Net: NetName=LP_CTRL Pin=CN2-3
Added Pin To Net: NetName=GND Pin=CN2-4
Added Member To Class: ClassName=PA_PShifter_R01 Member=Component C4 200pF 16V C0G
Added Member To Class: ClassName=PA_PShifter_R01 Member=Component C5 2x100pF 16V C0G
Added Member To Class: ClassName=PA_PShifter_R01 Member=Component C6 2x100pF 16V C0G
Added Member To Class: ClassName=PA_PShifter_R01 Member=Component C8 0.1uF 16V X7R
Added Member To Class: ClassName=PA_PShifter_R01 Member=Component C9 200pF 16V C0G
Added Member To Class: ClassName=PA_PShifter_R01 Member=Component C10 0.7pF N0P RF
Added Member To Class: ClassName=PA_PShifter_R01 Member=Component C12 3pF N0P RF
Added Member To Class: ClassName=PA_PShifter_R01 Member=Component CN1 CONN_06P
Added Member To Class: ClassName=PA_PShifter_R01 Member=Component CN2 CONN_04P
Added Member To Class: ClassName=PA_PShifter_R01 Member=Component J2 SMA_Connector
Added Member To Class: ClassName=PA_PShifter_R01 Member=Component J3 SMA_Connector
Added Member To Class: ClassName=PA_PShifter_R00 Member=Component J4 SMA_Connector
Added Member To Class: ClassName=PA_PShifter_R01 Member=Component L11 56nH RF
Added Member To Class: ClassName=PA_PShifter_R01 Member=Component L12 220nH RF
Added Member To Class: ClassName=PA_PShifter_R01 Member=Component U2 SP4T RF Switch
Added Member To Class: ClassName=PA_PShifter_R01 Member=Component U3 SP4T RF Switch
