Change Physical Footprint: Designator=C1 Old Footprint=C_0603 New Footprint=C_0603
Change Physical Footprint: Designator=C2 Old Footprint=C_0603 New Footprint=C_0603
Change Physical Footprint: Designator=C3 Old Footprint=C_0603 New Footprint=C_0603
Change Physical Footprint: Designator=C4 Old Footprint=C_0603 New Footprint=C_0603
Change Physical Footprint: Designator=C5 Old Footprint=C_0603 New Footprint=C_0603
Change Physical Footprint: Designator=C6 Old Footprint=C_0603 New Footprint=C_0603
Change Physical Footprint: Designator=C7 Old Footprint=C_0603 New Footprint=C_0603
Change Physical Footprint: Designator=C8 Old Footprint=C_0603 New Footprint=C_0603
Change Physical Footprint: Designator=C9 Old Footprint=C_0603 New Footprint=C_0603
Change Physical Footprint: Designator=C10 Old Footprint=C_0603 New Footprint=C_0603
Change Physical Footprint: Designator=C11 Old Footprint=C_0603 New Footprint=C_0603
Change Physical Footprint: Designator=C12 Old Footprint=C_0603 New Footprint=C_0603
Change Physical Footprint: Designator=CN1 Old Footprint=Header_M_2x3_0.1" New Footprint=Header_M_2x3_0.1"
Change Physical Footprint: Designator=J1 Old Footprint=SMA_Connector New Footprint=SMA_Connector
Change Physical Footprint: Designator=J2 Old Footprint=SMA_Connector New Footprint=SMA_Connector
Change Physical Footprint: Designator=J3 Old Footprint=SMA_Connector New Footprint=SMA_Connector
Change Physical Footprint: Designator=J4 Old Footprint=SMA_Connector New Footprint=SMA_Connector
Change Physical Footprint: Designator=L1 Old Footprint=L_0603 New Footprint=L_0603
Change Physical Footprint: Designator=L2 Old Footprint=L_0603 New Footprint=L_0603
Change Physical Footprint: Designator=L3 Old Footprint=L_0603 New Footprint=L_0603
Change Physical Footprint: Designator=L4 Old Footprint=L_0603 New Footprint=L_0603
Change Physical Footprint: Designator=L5 Old Footprint=L_0603 New Footprint=L_0603
Change Physical Footprint: Designator=L6 Old Footprint=L_0603 New Footprint=L_0603
Change Physical Footprint: Designator=L7 Old Footprint=L_0805 New Footprint=L_0805
Change Physical Footprint: Designator=L8 Old Footprint=L_0805 New Footprint=L_0805
Change Physical Footprint: Designator=L9 Old Footprint=L_0603 New Footprint=L_0603
Change Physical Footprint: Designator=L10 Old Footprint=L_0603 New Footprint=L_0603
Change Physical Footprint: Designator=L11 Old Footprint=L_0603 New Footprint=L_0603
Change Physical Footprint: Designator=L12 Old Footprint=L_0603 New Footprint=L_0603
Change Physical Footprint: Designator=U1 Old Footprint=SP4T Switch RF New Footprint=SP4T Switch RF
Change Physical Footprint: Designator=U2 Old Footprint=SP4T Switch RF New Footprint=SP4T Switch RF
Change Physical Footprint: Designator=U3 Old Footprint=SP4T Switch RF New Footprint=SP4T Switch RF
Change Physical Footprint: Designator=U4 Old Footprint=SP4T Switch RF New Footprint=SP4T Switch RF
