Change Component Footprint: Designator=C1 Old Footprint=C_0805 New Footprint=C_0603
Change Component Footprint: Designator=C2 Old Footprint=C_0805 New Footprint=C_0603
Change Component Footprint: Designator=C3 Old Footprint=C_0805 New Footprint=C_0603
Change Component Footprint: Designator=C4 Old Footprint=C_0805 New Footprint=C_0603
Change Component Footprint: Designator=C5 Old Footprint=C_0805 New Footprint=C_0603
Change Component Footprint: Designator=C6 Old Footprint=C_0805 New Footprint=C_0603
Change Component Footprint: Designator=C7 Old Footprint=C_0805 New Footprint=C_0603
Change Component Footprint: Designator=C8 Old Footprint=C_0805 New Footprint=C_0603
Change Component Footprint: Designator=C9 Old Footprint=C_0805 New Footprint=C_0603
Change Component Footprint: Designator=C10 Old Footprint=C_0805 New Footprint=C_0603
Change Component Footprint: Designator=C11 Old Footprint=C_0805 New Footprint=C_0603
Change Component Footprint: Designator=C12 Old Footprint=C_0805 New Footprint=C_0603
Change Component Footprint: Designator=C13 Old Footprint=C_0805 New Footprint=C_0603
Change Component Footprint: Designator=C14 Old Footprint=C_0805 New Footprint=C_0603
Change Component Footprint: Designator=C15 Old Footprint=C_0805 New Footprint=C_0603
Change Component Footprint: Designator=C16 Old Footprint=C_0805 New Footprint=C_0603
Added Member To Class: ClassName=FiltrosRF_R00 Member=Component C1 Capacitor
Added Member To Class: ClassName=FiltrosRF_R00 Member=Component C2 Capacitor
Added Member To Class: ClassName=FiltrosRF_R00 Member=Component C3 Capacitor
Added Member To Class: ClassName=FiltrosRF_R00 Member=Component C4 Capacitor
Added Member To Class: ClassName=FiltrosRF_R00 Member=Component C5 Capacitor
Added Member To Class: ClassName=FiltrosRF_R00 Member=Component C6 Capacitor
Added Member To Class: ClassName=FiltrosRF_R00 Member=Component C7 Capacitor
Added Member To Class: ClassName=FiltrosRF_R00 Member=Component C8 Capacitor
Added Member To Class: ClassName=FiltrosRF_R00 Member=Component C9 Capacitor
Added Member To Class: ClassName=FiltrosRF_R00 Member=Component C10 Capacitor
Added Member To Class: ClassName=FiltrosRF_R00 Member=Component C11 Capacitor
Added Member To Class: ClassName=FiltrosRF_R00 Member=Component C12 Capacitor
Added Member To Class: ClassName=FiltrosRF_R00 Member=Component C13 Capacitor
Added Member To Class: ClassName=FiltrosRF_R00 Member=Component C14 Capacitor
Added Member To Class: ClassName=FiltrosRF_R00 Member=Component C15 Capacitor
Added Member To Class: ClassName=FiltrosRF_R00 Member=Component C16 Capacitor
Added Member To Class: ClassName=FiltrosRF_R00 Member=Component CN1 CONN_06P
Added Member To Class: ClassName=FiltrosRF_R00 Member=Component J1 SMA_Connector
Added Member To Class: ClassName=FiltrosRF_R00 Member=Component J2 SMA_Connector
Added Member To Class: ClassName=FiltrosRF_R00 Member=Component J3 SMA_Connector
Added Member To Class: ClassName=FiltrosRF_R00 Member=Component J4 SMA_Connector
Added Member To Class: ClassName=FiltrosRF_R00 Member=Component U1 3550LP14A0300001T
Added Member To Class: ClassName=FiltrosRF_R00 Member=Component U2 SKY13322-375LF
Added Member To Class: ClassName=FiltrosRF_R00 Member=Component U3 SKY13322-375LF
Added Member To Class: ClassName=FiltrosRF_R00 Member=Component U4 LP0603A-XXXX-ANTR
Added Member To Class: ClassName=FiltrosRF_R00 Member=Component U5 LP0603A-XXXX-ANTR
Added Member To Class: ClassName=FiltrosRF_R00 Member=Component U6 3550LP14A0300001T
Added Member To Class: ClassName=FiltrosRF_R00 Member=Component U7 SKY13322-375LF
Added Member To Class: ClassName=FiltrosRF_R00 Member=Component U8 SKY13322-375LF
Added Member To Class: ClassName=FiltrosRF_R00 Member=Component U9 LP0603A-XXXX-ANTR
Added Member To Class: ClassName=FiltrosRF_R00 Member=Component U10 LP0603A-XXXX-ANTR
