Added Component: Designator=C21(C_0603)
Added Component: Designator=C22(C_0603)
Added Component: Designator=C23(C_0603)
Added Component: Designator=C24(C_0603)
Added Component: Designator=J1(SMA_Connector)
Added Component: Designator=J12(SMA_Connector)
Added Component: Designator=J13(SMA_Connector)
Added Component: Designator=J14(SMA_Connector)
Added Component: Designator=J15(SMA_Connector)
Added Component: Designator=J16(SMA_Connector)
Added Component: Designator=R1(R_0603)
Added Component: Designator=R2(R_0603)
Added Component: Designator=R3(R_0603)
Added Component: Designator=R4(R_0603)
Added Component: Designator=R5(R_0603)
Added Component: Designator=R6(R_0603)
Added Component: Designator=T1(MABA-007159-000000_1)
Add component (AddParameter): Name = "Arrow Part Number"; Value = ""; VariantName = "[No Variations]"
Add component (AddParameter): Name = "Arrow Price/Stock"; Value = ""; VariantName = "[No Variations]"
Add component (AddParameter): Name = "Datasheet Link"; Value = "http://cdn.macom.com/datasheets/MABA-007159-000000.pdf"; VariantName = "[No Variations]"
Add component (AddParameter): Name = "Manufacturer_Name"; Value = "MACOM"; VariantName = "[No Variations]"
Add component (AddParameter): Name = "Manufacturer_Part_Number"; Value = "MABA-007159-000000"; VariantName = "[No Variations]"
Add component (AddParameter): Name = "Mouser Part Number"; Value = "937-MABA007159000000"; VariantName = "[No Variations]"
Add component (AddParameter): Name = "Mouser Price/Stock"; Value = "https://www.mouser.co.uk/ProductDetail/MACOM/MABA-007159-000000?qs=3Wmz%2FrCSAaFBkdkj62uXUA%3D%3D"; VariantName = "[No Variations]"
Added Component: Designator=T2(MABA-007159-000000_1)
Add component (AddParameter): Name = "Arrow Part Number"; Value = ""; VariantName = "[No Variations]"
Add component (AddParameter): Name = "Arrow Price/Stock"; Value = ""; VariantName = "[No Variations]"
Add component (AddParameter): Name = "Datasheet Link"; Value = "http://cdn.macom.com/datasheets/MABA-007159-000000.pdf"; VariantName = "[No Variations]"
Add component (AddParameter): Name = "Manufacturer_Name"; Value = "MACOM"; VariantName = "[No Variations]"
Add component (AddParameter): Name = "Manufacturer_Part_Number"; Value = "MABA-007159-000000"; VariantName = "[No Variations]"
Add component (AddParameter): Name = "Mouser Part Number"; Value = "937-MABA007159000000"; VariantName = "[No Variations]"
Add component (AddParameter): Name = "Mouser Price/Stock"; Value = "https://www.mouser.co.uk/ProductDetail/MACOM/MABA-007159-000000?qs=3Wmz%2FrCSAaFBkdkj62uXUA%3D%3D"; VariantName = "[No Variations]"
Added Pin To Net: NetName=NetC21_1 Pin=C21-1
Added Pin To Net: NetName=NetC21_2 Pin=C21-2
Added Pin To Net: NetName=NetC22_1 Pin=C22-1
Added Pin To Net: NetName=NetC22_2 Pin=C22-2
Added Pin To Net: NetName=NetC23_1 Pin=C23-1
Added Pin To Net: NetName=NetC23_2 Pin=C23-2
Added Pin To Net: NetName=NetC24_1 Pin=C24-1
Added Pin To Net: NetName=NetC24_2 Pin=C24-2
Added Pin To Net: NetName=NetJ1_1 Pin=J1-1
Added Pin To Net: NetName=GND Pin=J1-2
Added Pin To Net: NetName=GND Pin=J1-2
Added Pin To Net: NetName=GND Pin=J1-2
Added Pin To Net: NetName=GND Pin=J1-2
Added Pin To Net: NetName=NetJ12_1 Pin=J12-1
Added Pin To Net: NetName=GND Pin=J12-2
Added Pin To Net: NetName=GND Pin=J12-2
Added Pin To Net: NetName=GND Pin=J12-2
Added Pin To Net: NetName=GND Pin=J12-2
Added Pin To Net: NetName=NetC21_2 Pin=J13-1
Added Pin To Net: NetName=GND Pin=J13-2
Added Pin To Net: NetName=GND Pin=J13-2
Added Pin To Net: NetName=GND Pin=J13-2
Added Pin To Net: NetName=GND Pin=J13-2
Added Pin To Net: NetName=NetC22_2 Pin=J14-1
Added Pin To Net: NetName=GND Pin=J14-2
Added Pin To Net: NetName=GND Pin=J14-2
Added Pin To Net: NetName=GND Pin=J14-2
Added Pin To Net: NetName=GND Pin=J14-2
Added Pin To Net: NetName=NetC23_1 Pin=J15-1
Added Pin To Net: NetName=GND Pin=J15-2
Added Pin To Net: NetName=GND Pin=J15-2
Added Pin To Net: NetName=GND Pin=J15-2
Added Pin To Net: NetName=GND Pin=J15-2
Added Pin To Net: NetName=NetC24_1 Pin=J16-1
Added Pin To Net: NetName=GND Pin=J16-2
Added Pin To Net: NetName=GND Pin=J16-2
Added Pin To Net: NetName=GND Pin=J16-2
Added Pin To Net: NetName=GND Pin=J16-2
Added Pin To Net: NetName=NetC21_1 Pin=R1-1
Added Pin To Net: NetName=NetJ1_1 Pin=R1-2
Added Pin To Net: NetName=NetR2_1 Pin=R2-1
Added Pin To Net: NetName=NetJ1_1 Pin=R2-2
Added Pin To Net: NetName=NetC22_1 Pin=R3-1
Added Pin To Net: NetName=NetJ12_1 Pin=R3-2
Added Pin To Net: NetName=NetR4_1 Pin=R4-1
Added Pin To Net: NetName=NetJ12_1 Pin=R4-2
Added Pin To Net: NetName=GND Pin=R5-1
Added Pin To Net: NetName=NetR2_1 Pin=R5-2
Added Pin To Net: NetName=GND Pin=R6-1
Added Pin To Net: NetName=NetR4_1 Pin=R6-2
Added Pin To Net: NetName=NetC23_2 Pin=T1-1
Added Pin To Net: NetName=GND Pin=T1-3
Added Pin To Net: NetName=NetR2_1 Pin=T1-4
Added Pin To Net: NetName=NetC24_2 Pin=T2-1
Added Pin To Net: NetName=GND Pin=T2-3
Added Pin To Net: NetName=NetR4_1 Pin=T2-4
Added Member To Class: ClassName=PocketAnalyser_CPLBridge_R00 Member=Component C21 100nF - RF
Added Member To Class: ClassName=PocketAnalyser_CPLBridge_R00 Member=Component C22 100nF - RF
Added Member To Class: ClassName=PocketAnalyser_CPLBridge_R00 Member=Component C23 100nF - RF
Added Member To Class: ClassName=PocketAnalyser_CPLBridge_R00 Member=Component C24 100nF - RF
Added Member To Class: ClassName=PocketAnalyser_CPLBridge_R00 Member=Component J1 SMA_Connector
Added Member To Class: ClassName=PocketAnalyser_CPLBridge_R00 Member=Component J12 SMA_Connector
Added Member To Class: ClassName=PocketAnalyser_CPLBridge_R00 Member=Component J13 SMA_Connector
Added Member To Class: ClassName=PocketAnalyser_CPLBridge_R00 Member=Component J14 SMA_Connector
Added Member To Class: ClassName=PocketAnalyser_CPLBridge_R00 Member=Component J15 SMA_Connector
Added Member To Class: ClassName=PocketAnalyser_CPLBridge_R00 Member=Component J16 SMA_Connector
Added Member To Class: ClassName=PocketAnalyser_CPLBridge_R00 Member=Component R1 50R - RF
Added Member To Class: ClassName=PocketAnalyser_CPLBridge_R00 Member=Component R2 50R - RF
Added Member To Class: ClassName=PocketAnalyser_CPLBridge_R00 Member=Component R3 50R - RF
Added Member To Class: ClassName=PocketAnalyser_CPLBridge_R00 Member=Component R4 50R - RF
Added Member To Class: ClassName=PocketAnalyser_CPLBridge_R00 Member=Component R5 50R - RF
Added Member To Class: ClassName=PocketAnalyser_CPLBridge_R00 Member=Component R6 50R - RF
Added Member To Class: ClassName=PocketAnalyser_CPLBridge_R00 Member=Component T1 MABA-007159-000000
Added Member To Class: ClassName=PocketAnalyser_CPLBridge_R00 Member=Component T2 MABA-007159-000000
