Added Component: Designator=R1(R_0603)
Added Component: Designator=R2(R_0603)
Added Component: Designator=R3(R_0603)
Added Component: Designator=R4(R_0603)
Added Component: Designator=R5(R_0603)
Added Component: Designator=R6(R_0603)
Added Pin To Net: NetName=NetC21_1 Pin=R1-1
Added Pin To Net: NetName=NetJ1_1 Pin=R1-2
Added Pin To Net: NetName=NetR2_1 Pin=R2-1
Added Pin To Net: NetName=NetJ1_1 Pin=R2-2
Added Pin To Net: NetName=NetC22_1 Pin=R3-1
Added Pin To Net: NetName=NetJ12_1 Pin=R3-2
Added Pin To Net: NetName=NetR4_1 Pin=R4-1
Added Pin To Net: NetName=NetJ12_1 Pin=R4-2
Added Pin To Net: NetName=GND Pin=R5-1
Added Pin To Net: NetName=NetR2_1 Pin=R5-2
Added Pin To Net: NetName=GND Pin=R6-1
Added Pin To Net: NetName=NetR4_1 Pin=R6-2
Added Member To Class: ClassName=PocketAnalyser_CPLBridge_R00 Member=Component R1 50R - RF
Added Member To Class: ClassName=PocketAnalyser_CPLBridge_R00 Member=Component R2 50R - RF
Added Member To Class: ClassName=PocketAnalyser_CPLBridge_R00 Member=Component R3 50R - RF
Added Member To Class: ClassName=PocketAnalyser_CPLBridge_R00 Member=Component R4 50R - RF
Added Member To Class: ClassName=PocketAnalyser_CPLBridge_R00 Member=Component R5 50R - RF
Added Member To Class: ClassName=PocketAnalyser_CPLBridge_R00 Member=Component R6 50R - RF
